Removed Pin From Net: NetName=+5V Pin=H4-1
Removed Pin From Net: NetName=GND Pin=H4-2
Removed Pin From Net: NetName=SCL Pin=H4-3
Removed Pin From Net: NetName=SDA Pin=H4-4
Removed Pin From Net: NetName=+5V Pin=H5-1
Removed Pin From Net: NetName=TRIG Pin=H5-2
Removed Pin From Net: NetName=ECHO Pin=H5-3
Removed Pin From Net: NetName=GND Pin=H5-4
Removed Member From Class: ClassName=So do nguyen ly Member=H4
Removed Member From Class: ClassName=So do nguyen ly Member=H5
Added Component: Designator=H?(XH2.54M-4)
Add component (AddParameter): Name = "Chung_Loai"; Value = "C?m"; VariantName = "[No Variations]"
Add component (AddParameter): Name = "Don_Vi"; Value = "Con"; VariantName = "[No Variations]"
Add component (AddParameter): Name = "Ghi_Chu"; Value = ""; VariantName = "[No Variations]"
Add component (AddParameter): Name = "Kieu_Chan"; Value = ""; VariantName = "[No Variations]"
Add component (AddParameter): Name = "Ma_Hang"; Value = "MH001285"; VariantName = "[No Variations]"
Add component (AddParameter): Name = "Ten_Linh_Kien"; Value = "Header 4P XH2.54-4P Ð?c Th?ng"; VariantName = "[No Variations]"
Added Component: Designator=H?(XH2.54M-4)
Add component (AddParameter): Name = "Chung_Loai"; Value = "C?m"; VariantName = "[No Variations]"
Add component (AddParameter): Name = "Don_Vi"; Value = "Con"; VariantName = "[No Variations]"
Add component (AddParameter): Name = "Ghi_Chu"; Value = ""; VariantName = "[No Variations]"
Add component (AddParameter): Name = "Kieu_Chan"; Value = ""; VariantName = "[No Variations]"
Add component (AddParameter): Name = "Ma_Hang"; Value = "MH001285"; VariantName = "[No Variations]"
Add component (AddParameter): Name = "Ten_Linh_Kien"; Value = "Header 4P XH2.54-4P Ð?c Th?ng"; VariantName = "[No Variations]"
Added Pin To Net: NetName=+5V Pin=H?-1
Added Pin To Net: NetName=+5V Pin=H?-1
Added Pin To Net: NetName=GND Pin=H?-2
Added Pin To Net: NetName=TRIG Pin=H?-2
Added Pin To Net: NetName=ECHO Pin=H?-3
Added Pin To Net: NetName=SCL Pin=H?-3
Added Pin To Net: NetName=GND Pin=H?-4
Added Pin To Net: NetName=SDA Pin=H?-4
Added Member To Class: ClassName=So do nguyen ly Member=Component H? SR04
Added Member To Class: ClassName=So do nguyen ly Member=Component H? OLED
Added Room: Name=So do nguyen ly
